<?xml version="1.0" encoding="UTF-8"?>
<testng-results skipped="0" failed="0" ignored="0" total="1" passed="1">
  <reporter-output>
  </reporter-output>
  <suite name="Suite" duration-ms="43312" started-at="2022-07-22T12:18:21 IST" finished-at="2022-07-22T12:19:05 IST">
    <groups>
    </groups>
    <test name="TestNgSuite" duration-ms="43312" started-at="2022-07-22T12:18:21 IST" finished-at="2022-07-22T12:19:05 IST">
      <class name="SalesforceAutomation.SalesforceAutomationArtifact.CreateRecordInAccountObjectTest">
        <test-method status="PASS" signature="setUp()[pri:0, instance:SalesforceAutomation.SalesforceAutomationArtifact.CreateRecordInAccountObjectTest@60285225]" name="setUp" is-config="true" duration-ms="28627" started-at="2022-07-22T12:18:21 IST" finished-at="2022-07-22T12:18:50 IST">
          <reporter-output>
          </reporter-output>
        </test-method> <!-- setUp -->
        <test-method status="PASS" signature="testRecordCreationInAccountObject()[pri:0, instance:SalesforceAutomation.SalesforceAutomationArtifact.CreateRecordInAccountObjectTest@60285225]" name="testRecordCreationInAccountObject" duration-ms="14634" started-at="2022-07-22T12:18:50 IST" finished-at="2022-07-22T12:19:05 IST">
          <reporter-output>
          </reporter-output>
        </test-method> <!-- testRecordCreationInAccountObject -->
      </class> <!-- SalesforceAutomation.SalesforceAutomationArtifact.CreateRecordInAccountObjectTest -->
    </test> <!-- TestNgSuite -->
  </suite> <!-- Suite -->
</testng-results>
