<?xml version="1.0" encoding="UTF-8"?>
<testng-results ignored="0" total="1" passed="1" failed="0" skipped="0">
  <reporter-output>
  </reporter-output>
  <suite started-at="2022-07-21T23:16:05 IST" name="Suite" finished-at="2022-07-21T23:17:11 IST" duration-ms="66504">
    <groups>
    </groups>
    <test started-at="2022-07-21T23:16:05 IST" name="TestNgSuite" finished-at="2022-07-21T23:17:11 IST" duration-ms="66504">
      <class name="SalesforceAutomation.SalesforceAutomationArtifact.CreateRecordInAccountObjectTest">
        <test-method is-config="true" signature="setUp()[pri:0, instance:SalesforceAutomation.SalesforceAutomationArtifact.CreateRecordInAccountObjectTest@3ee37e5a]" started-at="2022-07-21T23:16:05 IST" name="setUp" finished-at="2022-07-21T23:16:57 IST" duration-ms="52661" status="PASS">
          <reporter-output>
          </reporter-output>
        </test-method> <!-- setUp -->
        <test-method signature="testRecordCreationInAccountObject()[pri:0, instance:SalesforceAutomation.SalesforceAutomationArtifact.CreateRecordInAccountObjectTest@3ee37e5a]" started-at="2022-07-21T23:16:57 IST" name="testRecordCreationInAccountObject" finished-at="2022-07-21T23:17:11 IST" duration-ms="13796" status="PASS">
          <reporter-output>
          </reporter-output>
        </test-method> <!-- testRecordCreationInAccountObject -->
      </class> <!-- SalesforceAutomation.SalesforceAutomationArtifact.CreateRecordInAccountObjectTest -->
    </test> <!-- TestNgSuite -->
  </suite> <!-- Suite -->
</testng-results>
